<?xml version="1.0" encoding="UTF-8"?>
<!-- Generated by org.testng.reporters.JUnitReportReporter -->
<testsuite hostname="LAPTOP-2MVUU57T" failures="0" tests="1" name="OrganizationTests.ToCreateOrganizationWithChemicalType" time="8.786" errors="0" timestamp="2025-03-26T22:03:35 IST" skipped="0">
  <testcase classname="OrganizationTests.ToCreateOrganizationWithChemicalType" name="toCreateOrganizationWithChemicalType" time="8.786"/>
  <system-out/>
</testsuite> <!-- OrganizationTests.ToCreateOrganizationWithChemicalType -->
